# JRE version: OpenJDK Runtime Environment (21.0.8) (build 21.0.8+-14196175-b1038.72)
# Java VM: OpenJDK 64-Bit Server VM (21.0.8+-14196175-b1038.72, mixed mode, tiered, compressed oops, compressed class ptrs, g1 gc, windows-amd64)
GC Precious Log:
 CardTable entry size: 512
 Card Set container configuration: InlinePtr #cards 4 size 8 Array Of Cards #cards 32 size 80 Howl #buckets 8 coarsen threshold 7372 Howl Bitmap #cards 1024 size 144 coarsen threshold 921 Card regions per heap region 1 cards per card region 8192
 CPUs: 4 total, 4 available
 Memory: 16132M
 Large Page Support: Disabled
 NUMA Support: Disabled
 Compressed Oops: Enabled (Zero based)
 Heap Region Size: 4M
 Heap Min Capacity: 8M
 Heap Initial Capacity: 256M
 Heap Max Capacity: 8048M
 Pre-touch: Disabled
 Parallel Workers: 4
 Concurrent Workers: 1
 Concurrent Refinement Workers: 4
 Periodic GC: Disabled
Heap:
 garbage-first heap   total 1150976K, used 497664K [0x0000000609000000, 0x0000000800000000)
  region size 4096K, 5 young (20480K), 5 survivors (20480K)
 Metaspace       used 167416K, committed 169792K, reserved 1245184K
  class space    used 22393K, committed 23552K, reserved 1048576K
GC Heap History (20 events):
Event: 551.425 GC heap after
{Heap after GC invocations=150 (full 0):
 garbage-first heap   total 1105920K, used 332084K [0x0000000609000000, 0x0000000800000000)
  region size 4096K, 7 young (28672K), 7 survivors (28672K)
 Metaspace       used 167198K, committed 169600K, reserved 1245184K
  class space    used 22358K, committed 23552K, reserved 1048576K
}
Event: 563.258 GC heap before
{Heap before GC invocations=150 (full 0):
 garbage-first heap   total 1105920K, used 979252K [0x0000000609000000, 0x0000000800000000)
  region size 4096K, 162 young (663552K), 7 survivors (28672K)
 Metaspace       used 167290K, committed 169728K, reserved 1245184K
  class space    used 22376K, committed 23552K, reserved 1048576K
}
Event: 563.358 GC heap after
{Heap after GC invocations=151 (full 0):
 garbage-first heap   total 1105920K, used 340564K [0x0000000609000000, 0x0000000800000000)
  region size 4096K, 9 young (36864K), 9 survivors (36864K)
 Metaspace       used 167290K, committed 169728K, reserved 1245184K
  class space    used 22376K, committed 23552K, reserved 1048576K
}
Event: 572.907 GC heap before
{Heap before GC invocations=151 (full 0):
 garbage-first heap   total 1105920K, used 967252K [0x0000000609000000, 0x0000000800000000)
  region size 4096K, 162 young (663552K), 9 survivors (36864K)
 Metaspace       used 167305K, committed 169728K, reserved 1245184K
  class space    used 22377K, committed 23552K, reserved 1048576K
}
Event: 572.998 GC heap after
{Heap after GC invocations=152 (full 0):
 garbage-first heap   total 1105920K, used 340379K [0x0000000609000000, 0x0000000800000000)
  region size 4096K, 9 young (36864K), 9 survivors (36864K)
 Metaspace       used 167305K, committed 169728K, reserved 1245184K
  class space    used 22377K, committed 23552K, reserved 1048576K
}
Event: 582.991 GC heap before
{Heap before GC invocations=152 (full 0):
 garbage-first heap   total 1105920K, used 967067K [0x0000000609000000, 0x0000000800000000)
  region size 4096K, 162 young (663552K), 9 survivors (36864K)
 Metaspace       used 167392K, committed 169792K, reserved 1245184K
  class space    used 22393K, committed 23552K, reserved 1048576K
}
Event: 583.096 GC heap after
{Heap after GC invocations=153 (full 0):
 garbage-first heap   total 1105920K, used 350803K [0x0000000609000000, 0x0000000800000000)
  region size 4096K, 11 young (45056K), 11 survivors (45056K)
 Metaspace       used 167392K, committed 169792K, reserved 1245184K
  class space    used 22393K, committed 23552K, reserved 1048576K
}
Event: 587.747 GC heap before
{Heap before GC invocations=153 (full 0):
 garbage-first heap   total 1105920K, used 969299K [0x0000000609000000, 0x0000000800000000)
  region size 4096K, 162 young (663552K), 11 survivors (45056K)
 Metaspace       used 167402K, committed 169792K, reserved 1245184K
  class space    used 22393K, committed 23552K, reserved 1048576K
}
Event: 587.871 GC heap after
{Heap after GC invocations=154 (full 0):
 garbage-first heap   total 1105920K, used 386443K [0x0000000609000000, 0x0000000800000000)
  region size 4096K, 20 young (81920K), 20 survivors (81920K)
 Metaspace       used 167402K, committed 169792K, reserved 1245184K
  class space    used 22393K, committed 23552K, reserved 1048576K
}
Event: 590.528 GC heap before
{Heap before GC invocations=154 (full 0):
 garbage-first heap   total 1105920K, used 963979K [0x0000000609000000, 0x0000000800000000)
  region size 4096K, 161 young (659456K), 20 survivors (81920K)
 Metaspace       used 167404K, committed 169792K, reserved 1245184K
  class space    used 22393K, committed 23552K, reserved 1048576K
}
Event: 590.626 GC heap after
{Heap after GC invocations=155 (full 0):
 garbage-first heap   total 1105920K, used 413458K [0x0000000609000000, 0x0000000800000000)
  region size 4096K, 17 young (69632K), 17 survivors (69632K)
 Metaspace       used 167404K, committed 169792K, reserved 1245184K
  class space    used 22393K, committed 23552K, reserved 1048576K
}
Event: 593.414 GC heap before
{Heap before GC invocations=155 (full 0):
 garbage-first heap   total 1105920K, used 978706K [0x0000000609000000, 0x0000000800000000)
  region size 4096K, 155 young (634880K), 17 survivors (69632K)
 Metaspace       used 167404K, committed 169792K, reserved 1245184K
  class space    used 22393K, committed 23552K, reserved 1048576K
}
Event: 593.451 GC heap after
{Heap after GC invocations=156 (full 0):
 garbage-first heap   total 1105920K, used 440320K [0x0000000609000000, 0x0000000800000000)
  region size 4096K, 15 young (61440K), 15 survivors (61440K)
 Metaspace       used 167404K, committed 169792K, reserved 1245184K
  class space    used 22393K, committed 23552K, reserved 1048576K
}
Event: 596.708 GC heap before
{Heap before GC invocations=156 (full 0):
 garbage-first heap   total 1105920K, used 980992K [0x0000000609000000, 0x0000000800000000)
  region size 4096K, 148 young (606208K), 15 survivors (61440K)
 Metaspace       used 167416K, committed 169792K, reserved 1245184K
  class space    used 22393K, committed 23552K, reserved 1048576K
}
Event: 596.843 GC heap after
{Heap after GC invocations=157 (full 0):
 garbage-first heap   total 1118208K, used 509492K [0x0000000609000000, 0x0000000800000000)
  region size 4096K, 19 young (77824K), 19 survivors (77824K)
 Metaspace       used 167416K, committed 169792K, reserved 1245184K
  class space    used 22393K, committed 23552K, reserved 1048576K
}
Event: 598.238 GC heap before
{Heap before GC invocations=158 (full 0):
 garbage-first heap   total 1118208K, used 591412K [0x0000000609000000, 0x0000000800000000)
  region size 4096K, 52 young (212992K), 19 survivors (77824K)
 Metaspace       used 167416K, committed 169792K, reserved 1245184K
  class space    used 22393K, committed 23552K, reserved 1048576K
}
Event: 598.382 GC heap after
{Heap after GC invocations=159 (full 0):
 garbage-first heap   total 1118208K, used 483328K [0x0000000609000000, 0x0000000800000000)
  region size 4096K, 6 young (24576K), 6 survivors (24576K)
 Metaspace       used 167416K, committed 169792K, reserved 1245184K
  class space    used 22393K, committed 23552K, reserved 1048576K
}
Event: 600.053 GC heap before
{Heap before GC invocations=159 (full 0):
 garbage-first heap   total 1118208K, used 856064K [0x0000000609000000, 0x0000000800000000)
  region size 4096K, 97 young (397312K), 6 survivors (24576K)
 Metaspace       used 167416K, committed 169792K, reserved 1245184K
  class space    used 22393K, committed 23552K, reserved 1048576K
}
Event: 600.239 GC heap after
{Heap after GC invocations=160 (full 0):
 garbage-first heap   total 1118208K, used 532480K [0x0000000609000000, 0x0000000800000000)
  region size 4096K, 13 young (53248K), 13 survivors (53248K)
 Metaspace       used 167416K, committed 169792K, reserved 1245184K
  class space    used 22393K, committed 23552K, reserved 1048576K
}
Event: 601.158 GC heap before
{Heap before GC invocations=160 (full 0):
 garbage-first heap   total 1118208K, used 643072K [0x0000000609000000, 0x0000000800000000)
  region size 4096K, 40 young (163840K), 13 survivors (53248K)
 Metaspace       used 167416K, committed 169792K, reserved 1245184K
  class space    used 22393K, committed 23552K, reserved 1048576K
}

